0 info it worked if it ends with ok
1 verbose cli [ '/Users/busson-arnaud/.nvm/versions/node/v6.4.0/bin/node',
1 verbose cli   '/Users/busson-arnaud/.nvm/versions/node/v6.4.0/bin/npm',
1 verbose cli   'run',
1 verbose cli   'start:dev' ]
2 info using npm@3.10.3
3 info using node@v6.4.0
4 verbose run-script [ 'prestart:dev', 'start:dev', 'poststart:dev' ]
5 info lifecycle errorevent@1.0.0~prestart:dev: errorevent@1.0.0
6 silly lifecycle errorevent@1.0.0~prestart:dev: no script for prestart:dev, continuing
7 info lifecycle errorevent@1.0.0~start:dev: errorevent@1.0.0
8 verbose lifecycle errorevent@1.0.0~start:dev: unsafe-perm in lifecycle true
9 verbose lifecycle errorevent@1.0.0~start:dev: PATH: /Users/busson-arnaud/.nvm/versions/node/v6.4.0/lib/node_modules/npm/bin/node-gyp-bin:/Users/busson-arnaud/Sites/samples/js/error_event/node_modules/.bin:/Users/busson-arnaud/.nvm/versions/node/v6.4.0/bin:/Users/busson-arnaud/.nvm/versions/node/v6.4.0/bin:/opt/local/bin:/opt/local/sbin:/opt/local/bin:/opt/local/sbin:/usr/local/mongodb/bin:~/bin:/usr/local/bin:/usr/bin:/bin:/usr/sbin:/sbin:/usr/local/git/bin:/Applications/Wireshark.app/Contents/MacOS
10 verbose lifecycle errorevent@1.0.0~start:dev: CWD: /Users/busson-arnaud/Sites/samples/js/error_event
11 silly lifecycle errorevent@1.0.0~start:dev: Args: [ '-c', 'webpack-dev-server' ]
12 silly lifecycle errorevent@1.0.0~start:dev: Returned: code: 255  signal: null
13 info lifecycle errorevent@1.0.0~start:dev: Failed to exec start:dev script
14 verbose stack Error: errorevent@1.0.0 start:dev: `webpack-dev-server`
14 verbose stack Exit status 255
14 verbose stack     at EventEmitter.<anonymous> (/Users/busson-arnaud/.nvm/versions/node/v6.4.0/lib/node_modules/npm/lib/utils/lifecycle.js:242:16)
14 verbose stack     at emitTwo (events.js:106:13)
14 verbose stack     at EventEmitter.emit (events.js:191:7)
14 verbose stack     at ChildProcess.<anonymous> (/Users/busson-arnaud/.nvm/versions/node/v6.4.0/lib/node_modules/npm/lib/utils/spawn.js:40:14)
14 verbose stack     at emitTwo (events.js:106:13)
14 verbose stack     at ChildProcess.emit (events.js:191:7)
14 verbose stack     at maybeClose (internal/child_process.js:852:16)
14 verbose stack     at Process.ChildProcess._handle.onexit (internal/child_process.js:215:5)
15 verbose pkgid errorevent@1.0.0
16 verbose cwd /Users/busson-arnaud/Sites/samples/js/error_event
17 error Darwin 16.7.0
18 error argv "/Users/busson-arnaud/.nvm/versions/node/v6.4.0/bin/node" "/Users/busson-arnaud/.nvm/versions/node/v6.4.0/bin/npm" "run" "start:dev"
19 error node v6.4.0
20 error npm  v3.10.3
21 error code ELIFECYCLE
22 error errorevent@1.0.0 start:dev: `webpack-dev-server`
22 error Exit status 255
23 error Failed at the errorevent@1.0.0 start:dev script 'webpack-dev-server'.
23 error Make sure you have the latest version of node.js and npm installed.
23 error If you do, this is most likely a problem with the errorevent package,
23 error not with npm itself.
23 error Tell the author that this fails on your system:
23 error     webpack-dev-server
23 error You can get information on how to open an issue for this project with:
23 error     npm bugs errorevent
23 error Or if that isn't available, you can get their info via:
23 error     npm owner ls errorevent
23 error There is likely additional logging output above.
24 verbose exit [ 1, true ]
